Determining if the pthread_create exist failed with the following output:
Change Dir: /home/anon/Code/sdl/CMakeFiles/CMakeTmp

Run Build Command:"/usr/bin/make" "cmTC_f5ffe/fast"
/usr/bin/make -f CMakeFiles/cmTC_f5ffe.dir/build.make CMakeFiles/cmTC_f5ffe.dir/build
make[1]: Entering directory '/home/anon/Code/sdl/CMakeFiles/CMakeTmp'
Building C object CMakeFiles/cmTC_f5ffe.dir/CheckSymbolExists.c.o
/usr/bin/cc     -o CMakeFiles/cmTC_f5ffe.dir/CheckSymbolExists.c.o   -c /home/anon/Code/sdl/CMakeFiles/CMakeTmp/CheckSymbolExists.c
Linking C executable cmTC_f5ffe
/usr/bin/cmake -E cmake_link_script CMakeFiles/cmTC_f5ffe.dir/link.txt --verbose=1
/usr/bin/cc       CMakeFiles/cmTC_f5ffe.dir/CheckSymbolExists.c.o  -o cmTC_f5ffe -rdynamic 
CMakeFiles/cmTC_f5ffe.dir/CheckSymbolExists.c.o: In function `main':
CheckSymbolExists.c:(.text+0x16): undefined reference to `pthread_create'
collect2: error: ld returned 1 exit status
CMakeFiles/cmTC_f5ffe.dir/build.make:97: recipe for target 'cmTC_f5ffe' failed
make[1]: *** [cmTC_f5ffe] Error 1
make[1]: Leaving directory '/home/anon/Code/sdl/CMakeFiles/CMakeTmp'
Makefile:126: recipe for target 'cmTC_f5ffe/fast' failed
make: *** [cmTC_f5ffe/fast] Error 2

File /home/anon/Code/sdl/CMakeFiles/CMakeTmp/CheckSymbolExists.c:
/* */
#include <pthread.h>

int main(int argc, char** argv)
{
  (void)argv;
#ifndef pthread_create
  return ((int*)(&pthread_create))[argc];
#else
  (void)argc;
  return 0;
#endif
}

Determining if the function pthread_create exists in the pthreads failed with the following output:
Change Dir: /home/anon/Code/sdl/CMakeFiles/CMakeTmp

Run Build Command:"/usr/bin/make" "cmTC_e6e21/fast"
/usr/bin/make -f CMakeFiles/cmTC_e6e21.dir/build.make CMakeFiles/cmTC_e6e21.dir/build
make[1]: Entering directory '/home/anon/Code/sdl/CMakeFiles/CMakeTmp'
Building C object CMakeFiles/cmTC_e6e21.dir/CheckFunctionExists.c.o
/usr/bin/cc    -DCHECK_FUNCTION_EXISTS=pthread_create   -o CMakeFiles/cmTC_e6e21.dir/CheckFunctionExists.c.o   -c /usr/share/cmake-3.4/Modules/CheckFunctionExists.c
Linking C executable cmTC_e6e21
/usr/bin/cmake -E cmake_link_script CMakeFiles/cmTC_e6e21.dir/link.txt --verbose=1
/usr/bin/cc   -DCHECK_FUNCTION_EXISTS=pthread_create    CMakeFiles/cmTC_e6e21.dir/CheckFunctionExists.c.o  -o cmTC_e6e21 -rdynamic -lpthreads 
/usr/bin/ld: cannot find -lpthreads
collect2: error: ld returned 1 exit status
CMakeFiles/cmTC_e6e21.dir/build.make:97: recipe for target 'cmTC_e6e21' failed
make[1]: Leaving directory '/home/anon/Code/sdl/CMakeFiles/CMakeTmp'
make[1]: *** [cmTC_e6e21] Error 1
Makefile:126: recipe for target 'cmTC_e6e21/fast' failed
make: *** [cmTC_e6e21/fast] Error 2


